app/build/intermediates/manifest_merge_blame_file/debug/manifest-merger-blame-debug-report.txt
1<?xml version="1.0" encoding="utf-8"?>
2<manifest xmlns:android="http://schemas.android.com/apk/res/android"
3    package="com.tds.demo"
4    android:versionCode="1"
5    android:versionName="1.0" >
6
7    <uses-sdk
8        android:minSdkVersion="21"
8-->src/main/AndroidManifest.xml
9        android:targetSdkVersion="30" />
9-->src/main/AndroidManifest.xml
10
11    <uses-permission android:name="android.permission.INTERNET" />
11-->src/main/AndroidManifest.xml:5:5-67
11-->src/main/AndroidManifest.xml:5:22-64
12    <uses-permission android:name="android.permission.READ_PHONE_STATE" />
12-->[:TapDB_2.1.4:] AndroidManifest.xml:14:5-75
12-->[:TapDB_2.1.4:] AndroidManifest.xml:14:22-72
13    <uses-permission android:name="android.permission.ACCESS_WIFI_STATE" />
13-->[:TapDB_2.1.4:] AndroidManifest.xml:15:5-76
13-->[:TapDB_2.1.4:] AndroidManifest.xml:15:22-73
14    <uses-permission android:name="android.permission.ACCESS_NETWORK_STATE" />
14-->[:TapDB_2.1.4:] AndroidManifest.xml:16:5-79
14-->[:TapDB_2.1.4:] AndroidManifest.xml:16:22-76
15    <uses-permission android:name="android.permission.READ_EXTERNAL_STORAGE" />
15-->[:TapDB_2.1.4:] AndroidManifest.xml:17:5-80
15-->[:TapDB_2.1.4:] AndroidManifest.xml:17:22-77
16    <uses-permission android:name="android.permission.WRITE_EXTERNAL_STORAGE" />
16-->[:TapDB_2.1.4:] AndroidManifest.xml:18:5-81
16-->[:TapDB_2.1.4:] AndroidManifest.xml:18:22-78
17    <uses-permission android:name="android.permission.REORDER_TASKS" />
17-->[:TapLicense_2.1.4:] AndroidManifest.xml:11:5-72
17-->[:TapLicense_2.1.4:] AndroidManifest.xml:11:22-69
18
19    <application
19-->src/main/AndroidManifest.xml:7:5-22:19
20        android:allowBackup="true"
20-->src/main/AndroidManifest.xml:8:9-35
21        android:appComponentFactory="androidx.core.app.CoreComponentFactory"
21-->[androidx.core:core:1.3.1] AndroidManifest.xml:24:18-86
22        android:debuggable="true"
23        android:icon="@mipmap/ic_launcher"
23-->src/main/AndroidManifest.xml:9:9-43
24        android:label="@string/app_name"
24-->src/main/AndroidManifest.xml:10:9-41
25        android:roundIcon="@mipmap/ic_launcher_round"
25-->src/main/AndroidManifest.xml:11:9-54
26        android:supportsRtl="true"
26-->src/main/AndroidManifest.xml:12:9-35
27        android:testOnly="true"
28        android:theme="@style/Theme.TapSDK_Android_Demo"
28-->src/main/AndroidManifest.xml:13:9-57
29        android:usesCleartextTraffic="true" >
29-->[:TapDB_2.1.4:] AndroidManifest.xml:20:18-53
30        <activity
30-->src/main/AndroidManifest.xml:14:9-21:20
31            android:name="com.example.tapsdk_android_demo.MainActivity"
31-->src/main/AndroidManifest.xml:14:19-47
32            android:configChanges="orientation|keyboardHidden|screenSize|locale|uiMode|screenLayout" >
32-->src/main/AndroidManifest.xml:15:13-101
33            <intent-filter>
33-->src/main/AndroidManifest.xml:16:13-20:29
34                <action android:name="android.intent.action.MAIN" />
34-->src/main/AndroidManifest.xml:17:17-69
34-->src/main/AndroidManifest.xml:17:25-66
35
36                <category android:name="android.intent.category.LAUNCHER" />
36-->src/main/AndroidManifest.xml:19:17-77
36-->src/main/AndroidManifest.xml:19:27-74
37            </intent-filter>
38        </activity>
39
40        <meta-data
40-->[:TapDB_2.1.4:] AndroidManifest.xml:21:9-23:36
41            android:name="com.tapsdk.tapdb.loader"
41-->[:TapDB_2.1.4:] AndroidManifest.xml:22:13-51
42            android:value="true" />
42-->[:TapDB_2.1.4:] AndroidManifest.xml:23:13-33
43        <meta-data
43-->[:TapMoment_2.1.4:] AndroidManifest.xml:16:9-18:36
44            android:name="com.tapsdk.moment.loader"
44-->[:TapMoment_2.1.4:] AndroidManifest.xml:17:13-52
45            android:value="true" />
45-->[:TapMoment_2.1.4:] AndroidManifest.xml:18:13-33
46
47        <activity
47-->[:TapLogin_2.1.4:] AndroidManifest.xml:12:9-16:86
48            android:name="com.taptap.sdk.ui.TapTapActivity"
48-->[:TapLogin_2.1.4:] AndroidManifest.xml:13:13-60
49            android:configChanges="keyboard|keyboardHidden|screenLayout|screenSize|orientation"
49-->[:TapLogin_2.1.4:] AndroidManifest.xml:14:13-96
50            android:exported="false"
50-->[:TapLogin_2.1.4:] AndroidManifest.xml:15:13-37
51            android:theme="@android:style/Theme.Translucent.NoTitleBar.Fullscreen" />
51-->[:TapLogin_2.1.4:] AndroidManifest.xml:16:13-83
52        <activity
52-->[:TapLogin_2.1.4:] AndroidManifest.xml:17:9-21:86
53            android:name="com.taptap.sdk.TapLoginHelperActivity"
53-->[:TapLogin_2.1.4:] AndroidManifest.xml:18:13-65
54            android:configChanges="keyboard|keyboardHidden|screenLayout|screenSize|orientation"
54-->[:TapLogin_2.1.4:] AndroidManifest.xml:19:13-96
55            android:exported="false"
55-->[:TapLogin_2.1.4:] AndroidManifest.xml:20:13-37
56            android:theme="@android:style/Theme.Translucent.NoTitleBar.Fullscreen" />
56-->[:TapLogin_2.1.4:] AndroidManifest.xml:21:13-83
57
58        <meta-data
58-->[:TapFriend_2.1.4:] AndroidManifest.xml:14:9-16:36
59            android:name="com.tapsdk.friends.loader"
59-->[:TapFriend_2.1.4:] AndroidManifest.xml:15:13-53
60            android:value="true" />
60-->[:TapFriend_2.1.4:] AndroidManifest.xml:16:13-33
61        <meta-data
61-->[:TapFriendUI_2.1.4:] AndroidManifest.xml:12:9-14:36
62            android:name="com.tapsdk.friends.ui.loader"
62-->[:TapFriendUI_2.1.4:] AndroidManifest.xml:13:13-56
63            android:value="true" />
63-->[:TapFriendUI_2.1.4:] AndroidManifest.xml:14:13-33
64    </application>
65
66</manifest>